2025-07-07 14:04:50,923 - youtube_api_handler - INFO - Loaded 83 language mappings
2025-07-07 14:04:50,923 - youtube_api_handler - INFO - YouTube API Handler initialized with 2 API key(s)
2025-07-07 14:04:50,923 - youtube_api_handler - INFO - Key rotation strategy: round_robin
2025-07-07 14:04:50,923 - youtube_api_handler - INFO - Base URL: https://www.googleapis.com/youtube/v3
2025-07-07 14:04:50,923 - youtube_api_handler - INFO - Cache TTL: 3600s, Rate limit: 0.05s
2025-07-07 14:04:50,923 - __main__ - INFO - YouTube API Handler initialized successfully
2025-07-07 14:04:50,925 - __main__ - INFO - Starting Flask API server on 0.0.0.0:8000
2025-07-07 14:04:50,925 - __main__ - INFO - Environment: production
2025-07-07 14:04:50,925 - __main__ - INFO - Debug mode: False
2025-07-07 14:04:50,925 - __main__ - INFO - Workers: 4
2025-07-07 14:04:50,925 - __main__ - INFO - Authentication enabled: True
2025-07-07 14:04:50,925 - __main__ - INFO - Metrics enabled: True
2025-07-07 14:04:50,925 - __main__ - INFO - Configuration loaded from .env file
2025-07-07 14:04:50,925 - __main__ - WARNING - Running in production mode with Flask dev server!
2025-07-07 14:04:50,925 - __main__ - WARNING - Use Gunicorn or another WSGI server for production deployment
2025-07-07 14:04:50,931 - werkzeug - INFO - [31m[1mWARNING: This is a development server. Do not use it in a production deployment. Use a production WSGI server instead.[0m
 * Running on all addresses (0.0.0.0)
 * Running on http://127.0.0.1:8000
 * Running on http://192.168.0.243:8000
2025-07-07 14:04:50,932 - werkzeug - INFO - [33mPress CTRL+C to quit[0m
2025-07-07 15:05:29,912 - youtube_api_handler - INFO - Loaded 83 language mappings
2025-07-07 15:05:29,912 - youtube_api_handler - INFO - YouTube API Handler initialized with 2 API key(s)
2025-07-07 15:05:29,912 - youtube_api_handler - INFO - Key rotation strategy: round_robin
2025-07-07 15:05:29,912 - youtube_api_handler - INFO - Base URL: https://www.googleapis.com/youtube/v3
2025-07-07 15:05:29,912 - youtube_api_handler - INFO - Cache TTL: 3600s, Rate limit: 0.05s
2025-07-07 15:05:29,912 - __main__ - INFO - YouTube API Handler initialized successfully
2025-07-07 15:05:29,914 - __main__ - INFO - Starting Flask API server on 0.0.0.0:8000
2025-07-07 15:05:29,914 - __main__ - INFO - Environment: production
2025-07-07 15:05:29,914 - __main__ - INFO - Debug mode: False
2025-07-07 15:05:29,914 - __main__ - INFO - Workers: 4
2025-07-07 15:05:29,914 - __main__ - INFO - Authentication enabled: True
2025-07-07 15:05:29,914 - __main__ - INFO - Metrics enabled: True
2025-07-07 15:05:29,914 - __main__ - INFO - Configuration loaded from .env file
2025-07-07 15:05:29,914 - __main__ - WARNING - Running in production mode with Flask dev server!
2025-07-07 15:05:29,914 - __main__ - WARNING - Use Gunicorn or another WSGI server for production deployment
2025-07-07 15:11:35,264 - youtube_api_handler - INFO - Loaded 83 language mappings
2025-07-07 15:11:35,265 - youtube_api_handler - INFO - YouTube API Handler initialized with 2 API key(s)
2025-07-07 15:11:35,265 - youtube_api_handler - INFO - Key rotation strategy: round_robin
2025-07-07 15:11:35,265 - youtube_api_handler - INFO - Base URL: https://www.googleapis.com/youtube/v3
2025-07-07 15:11:35,265 - youtube_api_handler - INFO - Cache TTL: 3600s, Rate limit: 0.05s
2025-07-07 15:11:35,265 - __main__ - INFO - YouTube API Handler initialized successfully
2025-07-07 15:11:35,267 - __main__ - INFO - Starting Flask API server on 0.0.0.0:8000
2025-07-07 15:11:35,267 - __main__ - INFO - Environment: production
2025-07-07 15:11:35,267 - __main__ - INFO - Debug mode: False
2025-07-07 15:11:35,267 - __main__ - INFO - Workers: 4
2025-07-07 15:11:35,267 - __main__ - INFO - Authentication enabled: True
2025-07-07 15:11:35,267 - __main__ - INFO - Metrics enabled: True
2025-07-07 15:11:35,267 - __main__ - INFO - Configuration loaded from .env file
2025-07-07 15:11:35,267 - __main__ - WARNING - Running in production mode with Flask dev server!
2025-07-07 15:11:35,267 - __main__ - WARNING - Use Gunicorn or another WSGI server for production deployment
2025-07-07 15:12:31,125 - youtube_api_handler - INFO - Loaded 83 language mappings
2025-07-07 15:12:31,125 - youtube_api_handler - INFO - YouTube API Handler initialized with 2 API key(s)
2025-07-07 15:12:31,125 - youtube_api_handler - INFO - Key rotation strategy: round_robin
2025-07-07 15:12:31,125 - youtube_api_handler - INFO - Base URL: https://www.googleapis.com/youtube/v3
2025-07-07 15:12:31,125 - youtube_api_handler - INFO - Cache TTL: 3600s, Rate limit: 0.05s
2025-07-07 15:12:31,125 - __main__ - INFO - YouTube API Handler initialized successfully
2025-07-07 15:12:31,127 - __main__ - INFO - Starting Flask API server on 0.0.0.0:8001
2025-07-07 15:12:31,127 - __main__ - INFO - Environment: production
2025-07-07 15:12:31,127 - __main__ - INFO - Debug mode: False
2025-07-07 15:12:31,127 - __main__ - INFO - Workers: 4
2025-07-07 15:12:31,127 - __main__ - INFO - Authentication enabled: True
2025-07-07 15:12:31,127 - __main__ - INFO - Metrics enabled: True
2025-07-07 15:12:31,127 - __main__ - INFO - Configuration loaded from .env file
2025-07-07 15:12:31,127 - __main__ - WARNING - Running in production mode with Flask dev server!
2025-07-07 15:12:31,127 - __main__ - WARNING - Use Gunicorn or another WSGI server for production deployment
2025-07-07 15:12:38,297 - youtube_api_handler - INFO - Loaded 83 language mappings
2025-07-07 15:12:38,297 - youtube_api_handler - INFO - YouTube API Handler initialized with 2 API key(s)
2025-07-07 15:12:38,297 - youtube_api_handler - INFO - Key rotation strategy: round_robin
2025-07-07 15:12:38,297 - youtube_api_handler - INFO - Base URL: https://www.googleapis.com/youtube/v3
2025-07-07 15:12:38,297 - youtube_api_handler - INFO - Cache TTL: 3600s, Rate limit: 0.05s
2025-07-07 15:12:38,298 - __main__ - INFO - YouTube API Handler initialized successfully
2025-07-07 15:12:38,299 - __main__ - INFO - Starting Flask API server on 0.0.0.0:8002
2025-07-07 15:12:38,299 - __main__ - INFO - Environment: production
2025-07-07 15:12:38,299 - __main__ - INFO - Debug mode: False
2025-07-07 15:12:38,299 - __main__ - INFO - Workers: 4
2025-07-07 15:12:38,299 - __main__ - INFO - Authentication enabled: True
2025-07-07 15:12:38,299 - __main__ - INFO - Metrics enabled: True
2025-07-07 15:12:38,299 - __main__ - INFO - Configuration loaded from .env file
2025-07-07 15:12:38,299 - __main__ - WARNING - Running in production mode with Flask dev server!
2025-07-07 15:12:38,300 - __main__ - WARNING - Use Gunicorn or another WSGI server for production deployment
2025-07-07 15:12:38,306 - werkzeug - INFO - [31m[1mWARNING: This is a development server. Do not use it in a production deployment. Use a production WSGI server instead.[0m
 * Running on all addresses (0.0.0.0)
 * Running on http://127.0.0.1:8002
 * Running on http://192.0.0.2:8002
2025-07-07 15:12:38,306 - werkzeug - INFO - [33mPress CTRL+C to quit[0m
2025-07-07 15:12:48,399 - __main__ - INFO - GET /api/channel/@HarshitTechnicalYT from 127.0.0.1
2025-07-07 15:12:48,399 - __main__ - INFO - Response 403 for GET /api/channel/@HarshitTechnicalYT
2025-07-07 15:12:48,400 - werkzeug - INFO - 127.0.0.1 - - [07/Jul/2025 15:12:48] "[31m[1mGET /api/channel/@HarshitTechnicalYT HTTP/1.1[0m" 403 -
2025-07-07 15:12:53,520 - __main__ - INFO - GET /api/channel/@HarshitTechnicalYT from 127.0.0.1
2025-07-07 15:12:53,865 - youtube_api_handler - INFO - Cached result for get_channel_by_handle
2025-07-07 15:12:53,866 - __main__ - INFO - Response 200 for GET /api/channel/@HarshitTechnicalYT
2025-07-07 15:12:53,867 - werkzeug - INFO - 127.0.0.1 - - [07/Jul/2025 15:12:53] "GET /api/channel/@HarshitTechnicalYT HTTP/1.1" 200 -
2025-07-07 15:13:00,397 - __main__ - INFO - GET /api/channel/@HarshitTechnicalYT from 127.0.0.1
2025-07-07 15:13:00,397 - youtube_api_handler - INFO - Cache hit for get_channel_by_handle
2025-07-07 15:13:00,398 - __main__ - INFO - Response 200 for GET /api/channel/@HarshitTechnicalYT
2025-07-07 15:13:00,398 - werkzeug - INFO - 127.0.0.1 - - [07/Jul/2025 15:13:00] "GET /api/channel/@HarshitTechnicalYT HTTP/1.1" 200 -
2025-07-07 15:13:10,035 - __main__ - INFO - GET /api/channel/@HarshitTechnicalYT/videos from 127.0.0.1
2025-07-07 15:13:10,234 - youtube_api_handler - INFO - Cached result for get_channel_by_handle
2025-07-07 15:13:11,324 - youtube_api_handler - INFO - Cached result for get_channel_videos_rss
2025-07-07 15:13:11,809 - youtube_api_handler - INFO - Cached result for get_videos_by_id
2025-07-07 15:13:11,810 - __main__ - INFO - Response 200 for GET /api/channel/@HarshitTechnicalYT/videos
2025-07-07 15:13:11,810 - werkzeug - INFO - 127.0.0.1 - - [07/Jul/2025 15:13:11] "GET /api/channel/@HarshitTechnicalYT/videos HTTP/1.1" 200 -
2025-07-07 15:22:22,749 - youtube_api_handler - INFO - YouTube API Handler initialized with base URL: https://www.googleapis.com/youtube/v3
2025-07-07 15:22:22,749 - youtube_api_handler - INFO - Cache TTL: 3600s, Rate limit: 0.05s
2025-07-07 15:22:22,749 - youtube_api_handler - INFO - Loaded 83 language mappings
2025-07-07 15:22:22,749 - youtube_api_handler - INFO - YouTube API Handler initialized with 2 API key(s)
2025-07-07 15:22:22,750 - youtube_api_handler - INFO - Key rotation strategy: round_robin
2025-07-07 15:22:22,750 - youtube_api_handler - INFO - Base URL: https://www.googleapis.com/youtube/v3
2025-07-07 15:22:22,750 - youtube_api_handler - INFO - Cache TTL: 3600s, Rate limit: 0.05s
2025-07-07 15:22:22,750 - __main__ - INFO - YouTube API Handler initialized successfully
2025-07-07 15:22:38,598 - youtube_api_handler - INFO - YouTube API Handler initialized with base URL: https://www.googleapis.com/youtube/v3
2025-07-07 15:22:38,598 - youtube_api_handler - INFO - Cache TTL: 3600s, Rate limit: 0.05s
2025-07-07 15:22:38,598 - youtube_api_handler - INFO - Loaded 83 language mappings
2025-07-07 15:22:38,598 - youtube_api_handler - INFO - YouTube API Handler initialized with 2 API key(s)
2025-07-07 15:22:38,599 - youtube_api_handler - INFO - Key rotation strategy: round_robin
2025-07-07 15:22:38,599 - youtube_api_handler - INFO - Base URL: https://www.googleapis.com/youtube/v3
2025-07-07 15:22:38,599 - youtube_api_handler - INFO - Cache TTL: 3600s, Rate limit: 0.05s
2025-07-07 15:22:38,599 - __main__ - INFO - YouTube API Handler initialized successfully
2025-07-07 15:23:00,739 - youtube_api_handler - INFO - YouTube API Handler initialized with base URL: https://www.googleapis.com/youtube/v3
2025-07-07 15:23:00,739 - youtube_api_handler - INFO - Cache TTL: 3600s, Rate limit: 0.05s
2025-07-07 15:23:00,739 - youtube_api_handler - INFO - Loaded 83 language mappings
2025-07-07 15:23:00,739 - youtube_api_handler - INFO - YouTube API Handler initialized with 2 API key(s)
2025-07-07 15:23:00,739 - youtube_api_handler - INFO - Key rotation strategy: round_robin
2025-07-07 15:23:00,739 - youtube_api_handler - INFO - Base URL: https://www.googleapis.com/youtube/v3
2025-07-07 15:23:00,739 - youtube_api_handler - INFO - Cache TTL: 3600s, Rate limit: 0.05s
2025-07-07 15:23:00,739 - __main__ - INFO - YouTube API Handler initialized successfully
2025-07-07 15:23:13,371 - youtube_api_handler - INFO - YouTube API Handler initialized with base URL: https://www.googleapis.com/youtube/v3
2025-07-07 15:23:13,371 - youtube_api_handler - INFO - Cache TTL: 3600s, Rate limit: 0.05s
2025-07-07 15:23:13,371 - youtube_api_handler - INFO - Loaded 83 language mappings
2025-07-07 15:23:13,371 - youtube_api_handler - INFO - YouTube API Handler initialized with 2 API key(s)
2025-07-07 15:23:13,371 - youtube_api_handler - INFO - Key rotation strategy: round_robin
2025-07-07 15:23:13,371 - youtube_api_handler - INFO - Base URL: https://www.googleapis.com/youtube/v3
2025-07-07 15:23:13,371 - youtube_api_handler - INFO - Cache TTL: 3600s, Rate limit: 0.05s
2025-07-07 15:23:13,371 - __main__ - INFO - YouTube API Handler initialized successfully
2025-07-07 15:23:13,373 - __main__ - INFO - Starting Flask API server on 0.0.0.0:8002
2025-07-07 15:23:13,373 - __main__ - INFO - Environment: production
2025-07-07 15:23:13,373 - __main__ - INFO - Debug mode: False
2025-07-07 15:23:13,373 - __main__ - INFO - Workers: 4
2025-07-07 15:23:13,373 - __main__ - INFO - Authentication enabled: True
2025-07-07 15:23:13,373 - __main__ - INFO - Metrics enabled: True
2025-07-07 15:23:13,373 - __main__ - INFO - Configuration loaded from .env file
2025-07-07 15:23:13,373 - __main__ - WARNING - Running in production mode with Flask dev server!
2025-07-07 15:23:13,373 - __main__ - WARNING - Use Gunicorn or another WSGI server for production deployment
2025-07-07 15:23:13,380 - werkzeug - INFO - [31m[1mWARNING: This is a development server. Do not use it in a production deployment. Use a production WSGI server instead.[0m
 * Running on all addresses (0.0.0.0)
 * Running on http://127.0.0.1:8002
 * Running on http://192.0.0.2:8002
2025-07-07 15:23:13,380 - werkzeug - INFO - [33mPress CTRL+C to quit[0m
2025-07-07 15:23:18,618 - __main__ - INFO - GET /api/channel/@TheFacture.. from 127.0.0.1
2025-07-07 15:23:18,619 - __main__ - INFO - Response 401 for GET /api/channel/@TheFacture..
2025-07-07 15:23:18,620 - werkzeug - INFO - 127.0.0.1 - - [07/Jul/2025 15:23:18] "[31m[1mGET /api/channel/@TheFacture.. HTTP/1.1[0m" 401 -
2025-07-07 15:23:26,408 - __main__ - INFO - GET /api/channel/@TheFacture.. from 127.0.0.1
2025-07-07 15:23:26,408 - __main__ - INFO - Response 401 for GET /api/channel/@TheFacture..
2025-07-07 15:23:26,408 - werkzeug - INFO - 127.0.0.1 - - [07/Jul/2025 15:23:26] "[31m[1mGET /api/channel/@TheFacture.. HTTP/1.1[0m" 401 -
